  ProteinDatabase.cpp
  tester_1.cpp
C:\Users\jkar3\source\repos\OOP 345\OOP345\OOP345 Exercise 1\Week 2 - Move and Copy Semantics\tester_1.cpp(47,39): error C2653: 'seneca': is not a class or namespace name
C:\Users\jkar3\source\repos\OOP 345\OOP345\OOP345 Exercise 1\Week 2 - Move and Copy Semantics\tester_1.cpp(47,47): error C2061: syntax error: identifier 'ProteinDatabase'
C:\Users\jkar3\source\repos\OOP 345\OOP345\OOP345 Exercise 1\Week 2 - Move and Copy Semantics\tester_1.cpp(49,19): error C2065: 'indices': undeclared identifier
C:\Users\jkar3\source\repos\OOP 345\OOP345\OOP345 Exercise 1\Week 2 - Move and Copy Semantics\tester_1.cpp(49,2): error C2530: 'idx': references must be initialized
C:\Users\jkar3\source\repos\OOP 345\OOP345\OOP345 Exercise 1\Week 2 - Move and Copy Semantics\tester_1.cpp(49,2): error C3531: 'idx': a symbol whose type contains 'auto' must have an initializer
C:\Users\jkar3\source\repos\OOP 345\OOP345\OOP345 Exercise 1\Week 2 - Move and Copy Semantics\tester_1.cpp(49,17): error C2143: syntax error: missing ';' before ':'
C:\Users\jkar3\source\repos\OOP 345\OOP345\OOP345 Exercise 1\Week 2 - Move and Copy Semantics\tester_1.cpp(49,26): error C2143: syntax error: missing ';' before ')'
C:\Users\jkar3\source\repos\OOP 345\OOP345\OOP345 Exercise 1\Week 2 - Move and Copy Semantics\tester_1.cpp(52,7): error C2065: 'db': undeclared identifier
C:\Users\jkar3\source\repos\OOP 345\OOP345\OOP345 Exercise 1\Week 2 - Move and Copy Semantics\tester_1.cpp(53,7): error C2065: 'db': undeclared identifier
C:\Users\jkar3\source\repos\OOP 345\OOP345\OOP345 Exercise 1\Week 2 - Move and Copy Semantics\tester_1.cpp(54,8): error C2065: 'db': undeclared identifier
C:\Users\jkar3\source\repos\OOP 345\OOP345\OOP345 Exercise 1\Week 2 - Move and Copy Semantics\tester_1.cpp(54,25): error C2065: 'db': undeclared identifier
C:\Users\jkar3\source\repos\OOP 345\OOP345\OOP345 Exercise 1\Week 2 - Move and Copy Semantics\tester_1.cpp(54,49): error C2065: 'db': undeclared identifier
C:\Users\jkar3\source\repos\OOP 345\OOP345\OOP345 Exercise 1\Week 2 - Move and Copy Semantics\tester_1.cpp(55,8): error C2065: 'db': undeclared identifier
C:\Users\jkar3\source\repos\OOP 345\OOP345\OOP345 Exercise 1\Week 2 - Move and Copy Semantics\tester_1.cpp(55,25): error C2065: 'db': undeclared identifier
C:\Users\jkar3\source\repos\OOP 345\OOP345\OOP345 Exercise 1\Week 2 - Move and Copy Semantics\tester_1.cpp(55,40): error C2065: 'db': undeclared identifier
C:\Users\jkar3\source\repos\OOP 345\OOP345\OOP345 Exercise 1\Week 2 - Move and Copy Semantics\tester_1.cpp(55,63): error C2065: 'db': undeclared identifier
C:\Users\jkar3\source\repos\OOP 345\OOP345\OOP345 Exercise 1\Week 2 - Move and Copy Semantics\tester_1.cpp(80,2): error C2653: 'seneca': is not a class or namespace name
C:\Users\jkar3\source\repos\OOP 345\OOP345\OOP345 Exercise 1\Week 2 - Move and Copy Semantics\tester_1.cpp(80,10): error C2065: 'TimedTask': undeclared identifier
C:\Users\jkar3\source\repos\OOP 345\OOP345\OOP345 Exercise 1\Week 2 - Move and Copy Semantics\tester_1.cpp(80,20): error C2146: syntax error: missing ';' before identifier 't'
C:\Users\jkar3\source\repos\OOP 345\OOP345\OOP345 Exercise 1\Week 2 - Move and Copy Semantics\tester_1.cpp(80,20): error C2065: 't': undeclared identifier
C:\Users\jkar3\source\repos\OOP 345\OOP345\OOP345 Exercise 1\Week 2 - Move and Copy Semantics\tester_1.cpp(82,3): error C2065: 't': undeclared identifier
C:\Users\jkar3\source\repos\OOP 345\OOP345\OOP345 Exercise 1\Week 2 - Move and Copy Semantics\tester_1.cpp(83,3): error C2653: 'seneca': is not a class or namespace name
C:\Users\jkar3\source\repos\OOP 345\OOP345\OOP345 Exercise 1\Week 2 - Move and Copy Semantics\tester_1.cpp(83,11): error C2065: 'ProteinDatabase': undeclared identifier
C:\Users\jkar3\source\repos\OOP 345\OOP345\OOP345 Exercise 1\Week 2 - Move and Copy Semantics\tester_1.cpp(83,27): error C2146: syntax error: missing ';' before identifier 'protein_DBA'
C:\Users\jkar3\source\repos\OOP 345\OOP345\OOP345 Exercise 1\Week 2 - Move and Copy Semantics\tester_1.cpp(83,27): error C2065: 'protein_DBA': undeclared identifier
C:\Users\jkar3\source\repos\OOP 345\OOP345\OOP345 Exercise 1\Week 2 - Move and Copy Semantics\tester_1.cpp(84,3): error C2065: 't': undeclared identifier
C:\Users\jkar3\source\repos\OOP 345\OOP345\OOP345 Exercise 1\Week 2 - Move and Copy Semantics\tester_1.cpp(85,3): error C2065: 't': undeclared identifier
C:\Users\jkar3\source\repos\OOP 345\OOP345\OOP345 Exercise 1\Week 2 - Move and Copy Semantics\tester_1.cpp(87,23): error C2065: 'protein_DBA': undeclared identifier
C:\Users\jkar3\source\repos\OOP 345\OOP345\OOP345 Exercise 1\Week 2 - Move and Copy Semantics\tester_1.cpp(88,24): error C2065: 'protein_DBA': undeclared identifier
C:\Users\jkar3\source\repos\OOP 345\OOP345\OOP345 Exercise 1\Week 2 - Move and Copy Semantics\tester_1.cpp(91,3): error C2065: 't': undeclared identifier
C:\Users\jkar3\source\repos\OOP 345\OOP345\OOP345 Exercise 1\Week 2 - Move and Copy Semantics\tester_1.cpp(92,3): error C2653: 'seneca': is not a class or namespace name
C:\Users\jkar3\source\repos\OOP 345\OOP345\OOP345 Exercise 1\Week 2 - Move and Copy Semantics\tester_1.cpp(92,11): error C2065: 'ProteinDatabase': undeclared identifier
C:\Users\jkar3\source\repos\OOP 345\OOP345\OOP345 Exercise 1\Week 2 - Move and Copy Semantics\tester_1.cpp(92,27): error C2146: syntax error: missing ';' before identifier 'protein_DBB'
C:\Users\jkar3\source\repos\OOP 345\OOP345\OOP345 Exercise 1\Week 2 - Move and Copy Semantics\tester_1.cpp(92,27): error C3861: 'protein_DBB': identifier not found
C:\Users\jkar3\source\repos\OOP 345\OOP345\OOP345 Exercise 1\Week 2 - Move and Copy Semantics\tester_1.cpp(93,3): error C2065: 't': undeclared identifier
C:\Users\jkar3\source\repos\OOP 345\OOP345\OOP345 Exercise 1\Week 2 - Move and Copy Semantics\tester_1.cpp(94,3): error C2065: 't': undeclared identifier
C:\Users\jkar3\source\repos\OOP 345\OOP345\OOP345 Exercise 1\Week 2 - Move and Copy Semantics\tester_1.cpp(96,23): error C2065: 'protein_DBB': undeclared identifier
C:\Users\jkar3\source\repos\OOP 345\OOP345\OOP345 Exercise 1\Week 2 - Move and Copy Semantics\tester_1.cpp(97,24): error C2065: 'protein_DBB': undeclared identifier
C:\Users\jkar3\source\repos\OOP 345\OOP345\OOP345 Exercise 1\Week 2 - Move and Copy Semantics\tester_1.cpp(97,54): error C2065: 'protein_DBB': undeclared identifier
C:\Users\jkar3\source\repos\OOP 345\OOP345\OOP345 Exercise 1\Week 2 - Move and Copy Semantics\tester_1.cpp(97,79): error C2065: 'protein_DBB': undeclared identifier
C:\Users\jkar3\source\repos\OOP 345\OOP345\OOP345 Exercise 1\Week 2 - Move and Copy Semantics\tester_1.cpp(101,3): error C2065: 't': undeclared identifier
C:\Users\jkar3\source\repos\OOP 345\OOP345\OOP345 Exercise 1\Week 2 - Move and Copy Semantics\tester_1.cpp(102,3): error C2653: 'seneca': is not a class or namespace name
C:\Users\jkar3\source\repos\OOP 345\OOP345\OOP345 Exercise 1\Week 2 - Move and Copy Semantics\tester_1.cpp(102,11): error C2065: 'ProteinDatabase': undeclared identifier
C:\Users\jkar3\source\repos\OOP 345\OOP345\OOP345 Exercise 1\Week 2 - Move and Copy Semantics\tester_1.cpp(102,27): error C2146: syntax error: missing ';' before identifier 'protein_DBC'
C:\Users\jkar3\source\repos\OOP 345\OOP345\OOP345 Exercise 1\Week 2 - Move and Copy Semantics\tester_1.cpp(102,27): error C2065: 'protein_DBC': undeclared identifier
C:\Users\jkar3\source\repos\OOP 345\OOP345\OOP345 Exercise 1\Week 2 - Move and Copy Semantics\tester_1.cpp(102,40): error C2065: 'protein_DBB': undeclared identifier
C:\Users\jkar3\source\repos\OOP 345\OOP345\OOP345 Exercise 1\Week 2 - Move and Copy Semantics\tester_1.cpp(103,3): error C2065: 't': undeclared identifier
C:\Users\jkar3\source\repos\OOP 345\OOP345\OOP345 Exercise 1\Week 2 - Move and Copy Semantics\tester_1.cpp(104,3): error C2065: 't': undeclared identifier
C:\Users\jkar3\source\repos\OOP 345\OOP345\OOP345 Exercise 1\Week 2 - Move and Copy Semantics\tester_1.cpp(106,23): error C2065: 'protein_DBC': undeclared identifier
C:\Users\jkar3\source\repos\OOP 345\OOP345\OOP345 Exercise 1\Week 2 - Move and Copy Semantics\tester_1.cpp(107,24): error C2065: 'protein_DBC': undeclared identifier
C:\Users\jkar3\source\repos\OOP 345\OOP345\OOP345 Exercise 1\Week 2 - Move and Copy Semantics\tester_1.cpp(107,54): error C2065: 'protein_DBC': undeclared identifier
C:\Users\jkar3\source\repos\OOP 345\OOP345\OOP345 Exercise 1\Week 2 - Move and Copy Semantics\tester_1.cpp(107,79): error C2065: 'protein_DBC': undeclared identifier
C:\Users\jkar3\source\repos\OOP 345\OOP345\OOP345 Exercise 1\Week 2 - Move and Copy Semantics\tester_1.cpp(111,3): error C2065: 't': undeclared identifier
C:\Users\jkar3\source\repos\OOP 345\OOP345\OOP345 Exercise 1\Week 2 - Move and Copy Semantics\tester_1.cpp(112,3): error C2065: 'protein_DBA': undeclared identifier
C:\Users\jkar3\source\repos\OOP 345\OOP345\OOP345 Exercise 1\Week 2 - Move and Copy Semantics\tester_1.cpp(112,17): error C2065: 'protein_DBB': undeclared identifier
C:\Users\jkar3\source\repos\OOP 345\OOP345\OOP345 Exercise 1\Week 2 - Move and Copy Semantics\tester_1.cpp(113,3): error C2065: 't': undeclared identifier
C:\Users\jkar3\source\repos\OOP 345\OOP345\OOP345 Exercise 1\Week 2 - Move and Copy Semantics\tester_1.cpp(114,3): error C2065: 't': undeclared identifier
C:\Users\jkar3\source\repos\OOP 345\OOP345\OOP345 Exercise 1\Week 2 - Move and Copy Semantics\tester_1.cpp(116,23): error C2065: 'protein_DBA': undeclared identifier
C:\Users\jkar3\source\repos\OOP 345\OOP345\OOP345 Exercise 1\Week 2 - Move and Copy Semantics\tester_1.cpp(117,24): error C2065: 'protein_DBA': undeclared identifier
C:\Users\jkar3\source\repos\OOP 345\OOP345\OOP345 Exercise 1\Week 2 - Move and Copy Semantics\tester_1.cpp(117,54): error C2065: 'protein_DBA': undeclared identifier
C:\Users\jkar3\source\repos\OOP 345\OOP345\OOP345 Exercise 1\Week 2 - Move and Copy Semantics\tester_1.cpp(117,79): error C2065: 'protein_DBA': undeclared identifier
C:\Users\jkar3\source\repos\OOP 345\OOP345\OOP345 Exercise 1\Week 2 - Move and Copy Semantics\tester_1.cpp(122,3): error C2065: 'protein_DBA': undeclared identifier
C:\Users\jkar3\source\repos\OOP 345\OOP345\OOP345 Exercise 1\Week 2 - Move and Copy Semantics\tester_1.cpp(122,17): error C2065: 'protein_DBA': undeclared identifier
C:\Users\jkar3\source\repos\OOP 345\OOP345\OOP345 Exercise 1\Week 2 - Move and Copy Semantics\tester_1.cpp(124,3): error C2065: 't': undeclared identifier
C:\Users\jkar3\source\repos\OOP 345\OOP345\OOP345 Exercise 1\Week 2 - Move and Copy Semantics\tester_1.cpp(125,3): error C2653: 'seneca': is not a class or namespace name
C:\Users\jkar3\source\repos\OOP 345\OOP345\OOP345 Exercise 1\Week 2 - Move and Copy Semantics\tester_1.cpp(125,11): error C2065: 'ProteinDatabase': undeclared identifier
C:\Users\jkar3\source\repos\OOP 345\OOP345\OOP345 Exercise 1\Week 2 - Move and Copy Semantics\tester_1.cpp(125,27): error C2146: syntax error: missing ';' before identifier 'protein_DBD'
C:\Users\jkar3\source\repos\OOP 345\OOP345\OOP345 Exercise 1\Week 2 - Move and Copy Semantics\tester_1.cpp(125,27): error C2065: 'protein_DBD': undeclared identifier
C:\Users\jkar3\source\repos\OOP 345\OOP345\OOP345 Exercise 1\Week 2 - Move and Copy Semantics\tester_1.cpp(125,51): error C2065: 'protein_DBA': undeclared identifier
C:\Users\jkar3\source\repos\OOP 345\OOP345\OOP345 Exercise 1\Week 2 - Move and Copy Semantics\tester_1.cpp(126,3): error C2065: 't': undeclared identifier
C:\Users\jkar3\source\repos\OOP 345\OOP345\OOP345 Exercise 1\Week 2 - Move and Copy Semantics\tester_1.cpp(127,3): error C2065: 't': undeclared identifier
C:\Users\jkar3\source\repos\OOP 345\OOP345\OOP345 Exercise 1\Week 2 - Move and Copy Semantics\tester_1.cpp(129,23): error C2065: 'protein_DBD': undeclared identifier
C:\Users\jkar3\source\repos\OOP 345\OOP345\OOP345 Exercise 1\Week 2 - Move and Copy Semantics\tester_1.cpp(130,24): error C2065: 'protein_DBA': undeclared identifier
C:\Users\jkar3\source\repos\OOP 345\OOP345\OOP345 Exercise 1\Week 2 - Move and Copy Semantics\tester_1.cpp(131,24): error C2065: 'protein_DBD': undeclared identifier
C:\Users\jkar3\source\repos\OOP 345\OOP345\OOP345 Exercise 1\Week 2 - Move and Copy Semantics\tester_1.cpp(131,54): error C2065: 'protein_DBD': undeclared identifier
C:\Users\jkar3\source\repos\OOP 345\OOP345\OOP345 Exercise 1\Week 2 - Move and Copy Semantics\tester_1.cpp(131,79): error C2065: 'protein_DBD': undeclared identifier
C:\Users\jkar3\source\repos\OOP 345\OOP345\OOP345 Exercise 1\Week 2 - Move and Copy Semantics\tester_1.cpp(137,24): error C2065: 'protein_DBD': undeclared identifier
C:\Users\jkar3\source\repos\OOP 345\OOP345\OOP345 Exercise 1\Week 2 - Move and Copy Semantics\tester_1.cpp(138,28): error C2065: 'protein_DBD': undeclared identifier
C:\Users\jkar3\source\repos\OOP 345\OOP345\OOP345 Exercise 1\Week 2 - Move and Copy Semantics\tester_1.cpp(141,3): error C2065: 't': undeclared identifier
C:\Users\jkar3\source\repos\OOP 345\OOP345\OOP345 Exercise 1\Week 2 - Move and Copy Semantics\tester_1.cpp(142,3): error C2065: 'protein_DBA': undeclared identifier
C:\Users\jkar3\source\repos\OOP 345\OOP345\OOP345 Exercise 1\Week 2 - Move and Copy Semantics\tester_1.cpp(142,27): error C2065: 'protein_DBD': undeclared identifier
C:\Users\jkar3\source\repos\OOP 345\OOP345\OOP345 Exercise 1\Week 2 - Move and Copy Semantics\tester_1.cpp(143,3): error C2065: 't': undeclared identifier
C:\Users\jkar3\source\repos\OOP 345\OOP345\OOP345 Exercise 1\Week 2 - Move and Copy Semantics\tester_1.cpp(144,3): error C2065: 't': undeclared identifier
C:\Users\jkar3\source\repos\OOP 345\OOP345\OOP345 Exercise 1\Week 2 - Move and Copy Semantics\tester_1.cpp(146,23): error C2065: 'protein_DBA': undeclared identifier
C:\Users\jkar3\source\repos\OOP 345\OOP345\OOP345 Exercise 1\Week 2 - Move and Copy Semantics\tester_1.cpp(147,24): error C2065: 'protein_DBA': undeclared identifier
C:\Users\jkar3\source\repos\OOP 345\OOP345\OOP345 Exercise 1\Week 2 - Move and Copy Semantics\tester_1.cpp(147,54): error C2065: 'protein_DBA': undeclared identifier
C:\Users\jkar3\source\repos\OOP 345\OOP345\OOP345 Exercise 1\Week 2 - Move and Copy Semantics\tester_1.cpp(147,79): error C2065: 'protein_DBA': undeclared identifier
C:\Users\jkar3\source\repos\OOP 345\OOP345\OOP345 Exercise 1\Week 2 - Move and Copy Semantics\tester_1.cpp(148,24): error C2065: 'protein_DBD': undeclared identifier
C:\Users\jkar3\source\repos\OOP 345\OOP345\OOP345 Exercise 1\Week 2 - Move and Copy Semantics\tester_1.cpp(155,3): error C2065: 'protein_DBB': undeclared identifier
C:\Users\jkar3\source\repos\OOP 345\OOP345\OOP345 Exercise 1\Week 2 - Move and Copy Semantics\tester_1.cpp(155,15): error C3079: an initializer list cannot be used as the right operand of this assignment operator
C:\Users\jkar3\source\repos\OOP 345\OOP345\OOP345 Exercise 1\Week 2 - Move and Copy Semantics\tester_1.cpp(156,3): error C2065: 'protein_DBC': undeclared identifier
C:\Users\jkar3\source\repos\OOP 345\OOP345\OOP345 Exercise 1\Week 2 - Move and Copy Semantics\tester_1.cpp(156,15): error C3079: an initializer list cannot be used as the right operand of this assignment operator
C:\Users\jkar3\source\repos\OOP 345\OOP345\OOP345 Exercise 1\Week 2 - Move and Copy Semantics\tester_1.cpp(158,3): error C2065: 't': undeclared identifier
C:\Users\jkar3\source\repos\OOP 345\OOP345\OOP345 Exercise 1\Week 2 - Move and Copy Semantics\tester_1.cpp(160,2): error C2065: 't': undeclared identifier
C:\Users\jkar3\source\repos\OOP 345\OOP345\OOP345 Exercise 1\Week 2 - Move and Copy Semantics\tester_1.cpp(161,2): error C2065: 't': undeclared identifier
C:\Users\jkar3\source\repos\OOP 345\OOP345\OOP345 Exercise 1\Week 2 - Move and Copy Semantics\tester_1.cpp(163,15): error C2065: 't': undeclared identifier
  TimedTask.cpp
  Generating Code...
